c:\users\gmoffett\source\repos\omf-samples\community samples\c\omfdemo\omfdemo\x64\debug\vc141.pdb
c:\users\gmoffett\source\repos\omf-samples\community samples\c\omfdemo\omfdemo\x64\debug\vc141.idb
c:\users\gmoffett\source\repos\omf-samples\community samples\c\omfdemo\omfdemo\x64\debug\testtxmessages.obj
c:\users\gmoffett\source\repos\omf-samples\community samples\c\omfdemo\omfdemo\x64\debug\sendtoserverc.obj
c:\users\gmoffett\source\repos\omf-samples\community samples\c\omfdemo\omfdemo\x64\debug\sendcert.obj
c:\users\gmoffett\source\repos\omf-samples\community samples\c\omfdemo\omfdemo\x64\debug\main.obj
c:\users\gmoffett\source\repos\omf-samples\community samples\c\omfdemo\omfdemo\x64\debug\json.obj
c:\users\gmoffett\source\repos\omf-samples\community samples\c\omfdemo\omfdemo\x64\debug\getvaluesandstreams.obj
c:\users\gmoffett\source\repos\omf-samples\community samples\c\omfdemo\omfdemo\x64\debug\devicesimulator.obj
c:\users\gmoffett\source\repos\omf-samples\community samples\c\omfdemo\omfdemo\x64\debug\buildobjects.obj
c:\users\gmoffett\source\repos\omf-samples\community samples\c\omfdemo\omfdemo\x64\debug\buildtypes.obj
c:\users\gmoffett\source\repos\omf-samples\community samples\c\omfdemo\omfdemo\x64\debug\buildstreams.obj
c:\users\gmoffett\source\repos\omf-samples\community samples\c\omfdemo\omfdemo\x64\debug\builddata.obj
c:\users\gmoffett\source\repos\omf-samples\community samples\c\omfdemo\omfdemo\x64\debug\bufferdata.obj
c:\users\gmoffett\source\repos\omf-samples\community samples\c\omfdemo\omfdemo\x64\debug\basebuild.obj
c:\users\gmoffett\source\repos\omf-samples\community samples\c\omfdemo\x64\debug\omfdemo.pdb
c:\users\gmoffett\source\repos\omf-samples\community samples\c\omfdemo\omfdemo\x64\debug\omfdemo.tlog\cl.command.1.tlog
c:\users\gmoffett\source\repos\omf-samples\community samples\c\omfdemo\omfdemo\x64\debug\omfdemo.tlog\cl.read.1.tlog
c:\users\gmoffett\source\repos\omf-samples\community samples\c\omfdemo\omfdemo\x64\debug\omfdemo.tlog\cl.write.1.tlog
c:\users\gmoffett\source\repos\omf-samples\community samples\c\omfdemo\omfdemo\x64\debug\omfdemo.tlog\link-cvtres.read.1.tlog
c:\users\gmoffett\source\repos\omf-samples\community samples\c\omfdemo\omfdemo\x64\debug\omfdemo.tlog\link-cvtres.write.1.tlog
c:\users\gmoffett\source\repos\omf-samples\community samples\c\omfdemo\omfdemo\x64\debug\omfdemo.tlog\link-rc.read.1.tlog
c:\users\gmoffett\source\repos\omf-samples\community samples\c\omfdemo\omfdemo\x64\debug\omfdemo.tlog\link-rc.write.1.tlog
c:\users\gmoffett\source\repos\omf-samples\community samples\c\omfdemo\omfdemo\x64\debug\omfdemo.tlog\link.command.1.tlog
c:\users\gmoffett\source\repos\omf-samples\community samples\c\omfdemo\omfdemo\x64\debug\omfdemo.tlog\link.read.1.tlog
c:\users\gmoffett\source\repos\omf-samples\community samples\c\omfdemo\omfdemo\x64\debug\omfdemo.tlog\link.write.1.tlog
