c:\users\gmoffett\source\repos\omf-samples\community samples\c\omfdemo\omfdemo\x64\release\vc141.pdb
c:\users\gmoffett\source\repos\omf-samples\community samples\c\omfdemo\omfdemo\x64\release\testtxmessages.obj
c:\users\gmoffett\source\repos\omf-samples\community samples\c\omfdemo\omfdemo\x64\release\sendtoserverc.obj
c:\users\gmoffett\source\repos\omf-samples\community samples\c\omfdemo\omfdemo\x64\release\sendcert.obj
c:\users\gmoffett\source\repos\omf-samples\community samples\c\omfdemo\omfdemo\x64\release\main.obj
c:\users\gmoffett\source\repos\omf-samples\community samples\c\omfdemo\omfdemo\x64\release\json.obj
c:\users\gmoffett\source\repos\omf-samples\community samples\c\omfdemo\omfdemo\x64\release\getvaluesandstreams.obj
c:\users\gmoffett\source\repos\omf-samples\community samples\c\omfdemo\omfdemo\x64\release\devicesimulator.obj
c:\users\gmoffett\source\repos\omf-samples\community samples\c\omfdemo\omfdemo\x64\release\buildobjects.obj
c:\users\gmoffett\source\repos\omf-samples\community samples\c\omfdemo\omfdemo\x64\release\buildtypes.obj
c:\users\gmoffett\source\repos\omf-samples\community samples\c\omfdemo\omfdemo\x64\release\buildstreams.obj
c:\users\gmoffett\source\repos\omf-samples\community samples\c\omfdemo\omfdemo\x64\release\builddata.obj
c:\users\gmoffett\source\repos\omf-samples\community samples\c\omfdemo\omfdemo\x64\release\bufferdata.obj
c:\users\gmoffett\source\repos\omf-samples\community samples\c\omfdemo\omfdemo\x64\release\basebuild.obj
c:\users\gmoffett\source\repos\omf-samples\community samples\c\omfdemo\x64\release\omfdemo.exe
c:\users\gmoffett\source\repos\omf-samples\community samples\c\omfdemo\x64\release\omfdemo.pdb
c:\users\gmoffett\source\repos\omf-samples\community samples\c\omfdemo\x64\release\omfdemo.ipdb
c:\users\gmoffett\source\repos\omf-samples\community samples\c\omfdemo\x64\release\omfdemo.iobj
c:\users\gmoffett\source\repos\omf-samples\community samples\c\omfdemo\omfdemo\x64\release\omfdemo.tlog\cl.command.1.tlog
c:\users\gmoffett\source\repos\omf-samples\community samples\c\omfdemo\omfdemo\x64\release\omfdemo.tlog\cl.read.1.tlog
c:\users\gmoffett\source\repos\omf-samples\community samples\c\omfdemo\omfdemo\x64\release\omfdemo.tlog\cl.write.1.tlog
c:\users\gmoffett\source\repos\omf-samples\community samples\c\omfdemo\omfdemo\x64\release\omfdemo.tlog\link.command.1.tlog
c:\users\gmoffett\source\repos\omf-samples\community samples\c\omfdemo\omfdemo\x64\release\omfdemo.tlog\link.read.1.tlog
c:\users\gmoffett\source\repos\omf-samples\community samples\c\omfdemo\omfdemo\x64\release\omfdemo.tlog\link.write.1.tlog
c:\users\gmoffett\source\repos\omf-samples\community samples\c\omfdemo\omfdemo\x64\release\omfdemo.tlog\omfdemo.write.1u.tlog
